[debug] [2021-02-22T19:29:58.335Z] ----------------------------------------------------------------------
[debug] [2021-02-22T19:29:58.381Z] Command:       C:\Program Files\nodejs\node.exe C:\Users\Toshiba\AppData\Roaming\npm\node_modules\firebase-tools\lib\bin\firebase.js emulators:start
[debug] [2021-02-22T19:29:58.381Z] CLI Version:   9.4.0
[debug] [2021-02-22T19:29:58.382Z] Platform:      win32
[debug] [2021-02-22T19:29:58.382Z] Node Version:  v12.18.4
[debug] [2021-02-22T19:29:58.556Z] Time:          Mon Feb 22 2021 14:29:58 GMT-0500 (Eastern Standard Time)
[debug] [2021-02-22T19:29:58.557Z] ----------------------------------------------------------------------
[debug] [2021-02-22T19:29:58.557Z] 
[debug] [2021-02-22T19:29:58.603Z] >>> [apiv2][query] GET https://firebase-public.firebaseio.com/cli.json [none]
[debug] [2021-02-22T19:29:59.075Z] > command requires scopes: ["email","openid","https://www.googleapis.com/auth/cloudplatformprojects.readonly","https://www.googleapis.com/auth/firebase","https://www.googleapis.com/auth/cloud-platform"]
[debug] [2021-02-22T19:29:59.077Z] > authorizing via signed-in user
[info] i  emulators: Starting emulators: functions, hosting {"metadata":{"emulator":{"name":"hub"},"message":"Starting emulators: functions, hosting"}}
[debug] [2021-02-22T19:30:00.482Z] <<< [apiv2][status] GET https://firebase-public.firebaseio.com/cli.json 200
[debug] [2021-02-22T19:30:00.483Z] <<< [apiv2][body] GET https://firebase-public.firebaseio.com/cli.json {"cloudBuildErrorAfter":1594252800000,"cloudBuildWarnAfter":1590019200000,"defaultNode10After":1594252800000,"minVersion":"3.0.5","node8DeploysDisabledAfter":1613390400000,"node8RuntimeDisabledAfter":1615809600000,"node8WarnAfter":1600128000000}
[debug] [2021-02-22T19:30:01.543Z] [hub] writing locator at C:\Users\Toshiba\AppData\Local\Temp\hub-challenge-9e6d7.json
[warn] !  functions: The following emulators are not running, calls to these services from the Functions emulator will affect production: auth, firestore, database, pubsub {"metadata":{"emulator":{"name":"functions"},"message":"The following emulators are not running, calls to these services from the Functions emulator will affect production: \u001b[1mauth, firestore, database, pubsub\u001b[22m"}}
[info] +  functions: Using node@12 from host. {"metadata":{"emulator":{"name":"functions"},"message":"Using node@12 from host."}}
[debug] [2021-02-22T19:30:04.107Z] defaultcredentials: writing to file C:\Users\Toshiba\AppData\Roaming\firebase\jossychamp_gmail_com_application_default_credentials.json
[debug] [2021-02-22T19:30:04.114Z] Setting GAC to C:\Users\Toshiba\AppData\Roaming\firebase\jossychamp_gmail_com_application_default_credentials.json {"metadata":{"emulator":{"name":"functions"},"message":"Setting GAC to C:\\Users\\Toshiba\\AppData\\Roaming\\firebase\\jossychamp_gmail_com_application_default_credentials.json"}}
[debug] [2021-02-22T19:30:04.117Z] > refreshing access token with scopes: []
[debug] [2021-02-22T19:30:04.119Z] >>> HTTP REQUEST POST https://www.googleapis.com/oauth2/v3/token  
 <request body omitted>
[debug] [2021-02-22T19:30:04.470Z] <<< HTTP RESPONSE 200 {"pragma":"no-cache","expires":"Mon, 01 Jan 1990 00:00:00 GMT","date":"Mon, 22 Feb 2021 19:30:04 GMT","cache-control":"no-cache, no-store, max-age=0, must-revalidate","content-type":"application/json; charset=utf-8","vary":"X-Origin, Referer, Origin,Accept-Encoding","server":"scaffolding on HTTPServer2","x-xss-protection":"0","x-frame-options":"SAMEORIGIN","x-content-type-options":"nosniff","alt-svc":"h3-29=\":443\"; ma=2592000,h3-T051=\":443\"; ma=2592000,h3-Q050=\":443\"; ma=2592000,h3-Q046=\":443\"; ma=2592000,h3-Q043=\":443\"; ma=2592000,quic=\":443\"; ma=2592000; v=\"46,43\"","accept-ranges":"none","transfer-encoding":"chunked"}
[debug] [2021-02-22T19:30:04.592Z] >>> [apiv2][query] GET https://firebase.googleapis.com/v1beta1/projects/challenge-9e6d7/adminSdkConfig [none]
[debug] [2021-02-22T19:30:05.097Z] <<< [apiv2][status] GET https://firebase.googleapis.com/v1beta1/projects/challenge-9e6d7/adminSdkConfig 200
[debug] [2021-02-22T19:30:05.097Z] <<< [apiv2][body] GET https://firebase.googleapis.com/v1beta1/projects/challenge-9e6d7/adminSdkConfig {"projectId":"challenge-9e6d7","storageBucket":"challenge-9e6d7.appspot.com","locationId":"us-central"}
[debug] [2021-02-22T19:30:07.482Z] >>> [apiv2][query] GET https://firebase.googleapis.com/v1beta1/projects/challenge-9e6d7/webApps/-/config [none]
[debug] [2021-02-22T19:30:07.778Z] <<< [apiv2][status] GET https://firebase.googleapis.com/v1beta1/projects/challenge-9e6d7/webApps/-/config 200
[debug] [2021-02-22T19:30:07.778Z] <<< [apiv2][body] GET https://firebase.googleapis.com/v1beta1/projects/challenge-9e6d7/webApps/-/config {"projectId":"challenge-9e6d7","appId":"1:616852620258:web:ecaaeae736aecf4cfc2fbb","storageBucket":"challenge-9e6d7.appspot.com","locationId":"us-central","apiKey":"AIzaSyAU2UYwTe44LVy_qCSu_CWA10rIpoAjN_Q","authDomain":"challenge-9e6d7.firebaseapp.com","messagingSenderId":"616852620258"}
[info] i  hosting: Serving hosting files from: build {"metadata":{"emulator":{"name":"hosting"},"message":"Serving hosting files from: \u001b[1mbuild\u001b[22m"}}
[info] +  hosting: Local server: http://localhost:5000 {"metadata":{"emulator":{"name":"hosting"},"message":"Local server: \u001b[4m\u001b[1mhttp://localhost:5000\u001b[22m\u001b[24m"}}
[debug] [2021-02-22T19:30:12.331Z] Ignoring unsupported arg: auto_download {"metadata":{"emulator":{"name":"ui"},"message":"Ignoring unsupported arg: auto_download"}}
[debug] [2021-02-22T19:30:12.333Z] Ignoring unsupported arg: port {"metadata":{"emulator":{"name":"ui"},"message":"Ignoring unsupported arg: port"}}
[debug] [2021-02-22T19:30:12.333Z] Starting Emulator UI with command {"binary":"node","args":["C:\\Users\\Toshiba\\.cache\\firebase\\emulators\\ui-v1.4.1\\server.bundle.js"],"optionalArgs":[],"joinArgs":false} {"metadata":{"emulator":{"name":"ui"},"message":"Starting Emulator UI with command {\"binary\":\"node\",\"args\":[\"C:\\\\Users\\\\Toshiba\\\\.cache\\\\firebase\\\\emulators\\\\ui-v1.4.1\\\\server.bundle.js\"],\"optionalArgs\":[],\"joinArgs\":false}"}}
[info] i  ui: Emulator UI logging to ui-debug.log {"metadata":{"emulator":{"name":"ui"},"message":"Emulator UI logging to \u001b[1mui-debug.log\u001b[22m"}}
[debug] [2021-02-22T19:30:14.290Z] Web / API server started at http://localhost:4000
 {"metadata":{"emulator":{"name":"ui"},"message":"Web / API server started at http://localhost:4000\n"}}
[info] i  functions: Watching "C:\Users\Toshiba\Desktop\amazon-clone\functions" for Cloud Functions... {"metadata":{"emulator":{"name":"functions"},"message":"Watching \"C:\\Users\\Toshiba\\Desktop\\amazon-clone\\functions\" for Cloud Functions..."}}
[debug] [2021-02-22T19:30:14.515Z] [worker-pool] addWorker(~diagnostic~) {"metadata":{"emulator":{"name":"functions"},"message":"[worker-pool] addWorker(~diagnostic~)"}}
[debug] [2021-02-22T19:30:14.515Z] [worker-pool] Adding worker with key ~diagnostic~, total=1 {"metadata":{"emulator":{"name":"functions"},"message":"[worker-pool] Adding worker with key ~diagnostic~, total=1"}}
[debug] [2021-02-22T19:30:14.516Z] [worker-pool] submitWork(triggerId=) {"metadata":{"emulator":{"name":"functions"},"message":"[worker-pool] submitWork(triggerId=)"}}
[debug] [2021-02-22T19:30:14.516Z] [worker-~diagnostic~-b13fdfc9-232c-4a7a-8726-9e71c19c012b]: Assigning socketPath: \\?\pipe\C:\Users\Toshiba\Desktop\amazon-clone\functions\10104 {"metadata":{"emulator":{"name":"functions"},"message":"[worker-~diagnostic~-b13fdfc9-232c-4a7a-8726-9e71c19c012b]: Assigning socketPath: \\\\?\\pipe\\C:\\Users\\Toshiba\\Desktop\\amazon-clone\\functions\\10104"}}
[debug] [2021-02-22T19:30:14.517Z] [worker-~diagnostic~-b13fdfc9-232c-4a7a-8726-9e71c19c012b]: BUSY {"metadata":{"emulator":{"name":"functions"},"message":"[worker-~diagnostic~-b13fdfc9-232c-4a7a-8726-9e71c19c012b]: BUSY"}}
[debug] [2021-02-22T19:30:15.878Z] [runtime-status] [10104] Functions runtime initialized. {"cwd":"C:\\Users\\Toshiba\\Desktop\\amazon-clone\\functions","node_version":"12.18.4"} {"metadata":{"emulator":{"name":"functions"},"message":"[runtime-status] [10104] Functions runtime initialized. {\"cwd\":\"C:\\\\Users\\\\Toshiba\\\\Desktop\\\\amazon-clone\\\\functions\",\"node_version\":\"12.18.4\"}"}}
[debug] [2021-02-22T19:30:15.888Z] [runtime-status] [10104] Disabled runtime features: undefined {"metadata":{"emulator":{"name":"functions"},"message":"[runtime-status] [10104] Disabled runtime features: undefined"}}
[debug] [2021-02-22T19:30:16.113Z] [runtime-status] [10104] Resolved module firebase-admin {"declared":true,"installed":true,"version":"9.5.0","resolution":"C:\\Users\\Toshiba\\Desktop\\amazon-clone\\functions\\node_modules\\firebase-admin\\lib\\index.js"} {"metadata":{"emulator":{"name":"functions"},"message":"[runtime-status] [10104] Resolved module firebase-admin {\"declared\":true,\"installed\":true,\"version\":\"9.5.0\",\"resolution\":\"C:\\\\Users\\\\Toshiba\\\\Desktop\\\\amazon-clone\\\\functions\\\\node_modules\\\\firebase-admin\\\\lib\\\\index.js\"}"}}
[debug] [2021-02-22T19:30:16.254Z] [runtime-status] [10104] Resolved module firebase-functions {"declared":true,"installed":true,"version":"3.13.1","resolution":"C:\\Users\\Toshiba\\Desktop\\amazon-clone\\functions\\node_modules\\firebase-functions\\lib\\index.js"} {"metadata":{"emulator":{"name":"functions"},"message":"[runtime-status] [10104] Resolved module firebase-functions {\"declared\":true,\"installed\":true,\"version\":\"3.13.1\",\"resolution\":\"C:\\\\Users\\\\Toshiba\\\\Desktop\\\\amazon-clone\\\\functions\\\\node_modules\\\\firebase-functions\\\\lib\\\\index.js\"}"}}
[debug] [2021-02-22T19:30:16.262Z] [runtime-status] [10104] Resolved module firebase-functions {"declared":true,"installed":true,"version":"3.13.1","resolution":"C:\\Users\\Toshiba\\Desktop\\amazon-clone\\functions\\node_modules\\firebase-functions\\lib\\index.js"} {"metadata":{"emulator":{"name":"functions"},"message":"[runtime-status] [10104] Resolved module firebase-functions {\"declared\":true,\"installed\":true,\"version\":\"3.13.1\",\"resolution\":\"C:\\\\Users\\\\Toshiba\\\\Desktop\\\\amazon-clone\\\\functions\\\\node_modules\\\\firebase-functions\\\\lib\\\\index.js\"}"}}
[debug] [2021-02-22T19:30:16.271Z] [runtime-status] [10104] Outgoing network have been stubbed. [{"name":"http","status":"mocked"},{"name":"http","status":"mocked"},{"name":"https","status":"mocked"},{"name":"https","status":"mocked"},{"name":"net","status":"mocked"}] {"metadata":{"emulator":{"name":"functions"},"message":"[runtime-status] [10104] Outgoing network have been stubbed. [{\"name\":\"http\",\"status\":\"mocked\"},{\"name\":\"http\",\"status\":\"mocked\"},{\"name\":\"https\",\"status\":\"mocked\"},{\"name\":\"https\",\"status\":\"mocked\"},{\"name\":\"net\",\"status\":\"mocked\"}]"}}
[debug] [2021-02-22T19:30:16.273Z] [runtime-status] [10104] Resolved module firebase-functions {"declared":true,"installed":true,"version":"3.13.1","resolution":"C:\\Users\\Toshiba\\Desktop\\amazon-clone\\functions\\node_modules\\firebase-functions\\lib\\index.js"} {"metadata":{"emulator":{"name":"functions"},"message":"[runtime-status] [10104] Resolved module firebase-functions {\"declared\":true,\"installed\":true,\"version\":\"3.13.1\",\"resolution\":\"C:\\\\Users\\\\Toshiba\\\\Desktop\\\\amazon-clone\\\\functions\\\\node_modules\\\\firebase-functions\\\\lib\\\\index.js\"}"}}
[debug] [2021-02-22T19:30:19.940Z] [runtime-status] [10104] Checked functions.config() {"config":{}} {"metadata":{"emulator":{"name":"functions"},"message":"[runtime-status] [10104] Checked functions.config() {\"config\":{}}"}}
[debug] [2021-02-22T19:30:19.941Z] [runtime-status] [10104] firebase-functions has been stubbed. {"functionsResolution":{"declared":true,"installed":true,"version":"3.13.1","resolution":"C:\\Users\\Toshiba\\Desktop\\amazon-clone\\functions\\node_modules\\firebase-functions\\lib\\index.js"}} {"metadata":{"emulator":{"name":"functions"},"message":"[runtime-status] [10104] firebase-functions has been stubbed. {\"functionsResolution\":{\"declared\":true,\"installed\":true,\"version\":\"3.13.1\",\"resolution\":\"C:\\\\Users\\\\Toshiba\\\\Desktop\\\\amazon-clone\\\\functions\\\\node_modules\\\\firebase-functions\\\\lib\\\\index.js\"}}"}}
[debug] [2021-02-22T19:30:19.942Z] [runtime-status] [10104] Resolved module firebase-functions {"declared":true,"installed":true,"version":"3.13.1","resolution":"C:\\Users\\Toshiba\\Desktop\\amazon-clone\\functions\\node_modules\\firebase-functions\\lib\\index.js"} {"metadata":{"emulator":{"name":"functions"},"message":"[runtime-status] [10104] Resolved module firebase-functions {\"declared\":true,\"installed\":true,\"version\":\"3.13.1\",\"resolution\":\"C:\\\\Users\\\\Toshiba\\\\Desktop\\\\amazon-clone\\\\functions\\\\node_modules\\\\firebase-functions\\\\lib\\\\index.js\"}"}}
[debug] [2021-02-22T19:30:19.946Z] [runtime-status] [10104] Resolved module firebase-admin {"declared":true,"installed":true,"version":"9.5.0","resolution":"C:\\Users\\Toshiba\\Desktop\\amazon-clone\\functions\\node_modules\\firebase-admin\\lib\\index.js"} {"metadata":{"emulator":{"name":"functions"},"message":"[runtime-status] [10104] Resolved module firebase-admin {\"declared\":true,\"installed\":true,\"version\":\"9.5.0\",\"resolution\":\"C:\\\\Users\\\\Toshiba\\\\Desktop\\\\amazon-clone\\\\functions\\\\node_modules\\\\firebase-admin\\\\lib\\\\index.js\"}"}}
[debug] [2021-02-22T19:30:19.948Z] [runtime-status] [10104] Resolved module firebase-functions {"declared":true,"installed":true,"version":"3.13.1","resolution":"C:\\Users\\Toshiba\\Desktop\\amazon-clone\\functions\\node_modules\\firebase-functions\\lib\\index.js"} {"metadata":{"emulator":{"name":"functions"},"message":"[runtime-status] [10104] Resolved module firebase-functions {\"declared\":true,\"installed\":true,\"version\":\"3.13.1\",\"resolution\":\"C:\\\\Users\\\\Toshiba\\\\Desktop\\\\amazon-clone\\\\functions\\\\node_modules\\\\firebase-functions\\\\lib\\\\index.js\"}"}}
[debug] [2021-02-22T19:30:19.949Z] [runtime-status] [10104] firebase-admin has been stubbed. {"adminResolution":{"declared":true,"installed":true,"version":"9.5.0","resolution":"C:\\Users\\Toshiba\\Desktop\\amazon-clone\\functions\\node_modules\\firebase-admin\\lib\\index.js"}} {"metadata":{"emulator":{"name":"functions"},"message":"[runtime-status] [10104] firebase-admin has been stubbed. {\"adminResolution\":{\"declared\":true,\"installed\":true,\"version\":\"9.5.0\",\"resolution\":\"C:\\\\Users\\\\Toshiba\\\\Desktop\\\\amazon-clone\\\\functions\\\\node_modules\\\\firebase-admin\\\\lib\\\\index.js\"}}"}}
[info] +  functions[api]: http function initialized (http://localhost:5001/challenge-9e6d7/us-central1/api). {"metadata":{"emulator":{"name":"functions"},"message":"\u001b[1mhttp\u001b[22m function initialized (http://localhost:5001/challenge-9e6d7/us-central1/api)."}}
[info] 
┌─────────────────────────────────────────────────────────────┐
│ ✔  All emulators ready! It is now safe to connect your app. │
│ i  View Emulator UI at http://localhost:4000                │
└─────────────────────────────────────────────────────────────┘

┌───────────┬────────────────┬─────────────────────────────────┐
│ Emulator  │ Host:Port      │ View in Emulator UI             │
├───────────┼────────────────┼─────────────────────────────────┤
│ Functions │ localhost:5001 │ http://localhost:4000/functions │
├───────────┼────────────────┼─────────────────────────────────┤
│ Hosting   │ localhost:5000 │ n/a                             │
└───────────┴────────────────┴─────────────────────────────────┘
  Emulator Hub running at localhost:4400
  Other reserved ports: 4500

Issues? Report them at https://github.com/firebase/firebase-tools/issues and attach the *-debug.log files.
 
[debug] [2021-02-22T19:30:30.167Z] [worker-~diagnostic~-b13fdfc9-232c-4a7a-8726-9e71c19c012b]: IDLE {"metadata":{"emulator":{"name":"functions"},"message":"[worker-~diagnostic~-b13fdfc9-232c-4a7a-8726-9e71c19c012b]: IDLE"}}
